0 info it worked if it ends with ok
1 verbose cli [ '/usr/bin/node',
1 verbose cli   '/usr/bin/npm',
1 verbose cli   'install',
1 verbose cli   '-g',
1 verbose cli   'yo',
1 verbose cli   'generator-karma',
1 verbose cli   'generator-angular' ]
2 info using npm@1.4.28
3 info using node@v0.10.37
4 verbose node symlink /usr/bin/node
5 verbose cache add [ 'yo', null ]
6 verbose cache add name=undefined spec="yo" args=["yo",null]
7 verbose parsed url { protocol: null,
7 verbose parsed url   slashes: null,
7 verbose parsed url   auth: null,
7 verbose parsed url   host: null,
7 verbose parsed url   port: null,
7 verbose parsed url   hostname: null,
7 verbose parsed url   hash: null,
7 verbose parsed url   search: null,
7 verbose parsed url   query: null,
7 verbose parsed url   pathname: 'yo',
7 verbose parsed url   path: 'yo',
7 verbose parsed url   href: 'yo' }
8 verbose cache add [ 'generator-karma', null ]
9 verbose cache add name=undefined spec="generator-karma" args=["generator-karma",null]
10 verbose parsed url { protocol: null,
10 verbose parsed url   slashes: null,
10 verbose parsed url   auth: null,
10 verbose parsed url   host: null,
10 verbose parsed url   port: null,
10 verbose parsed url   hostname: null,
10 verbose parsed url   hash: null,
10 verbose parsed url   search: null,
10 verbose parsed url   query: null,
10 verbose parsed url   pathname: 'generator-karma',
10 verbose parsed url   path: 'generator-karma',
10 verbose parsed url   href: 'generator-karma' }
11 verbose cache add [ 'generator-angular', null ]
12 verbose cache add name=undefined spec="generator-angular" args=["generator-angular",null]
13 verbose parsed url { protocol: null,
13 verbose parsed url   slashes: null,
13 verbose parsed url   auth: null,
13 verbose parsed url   host: null,
13 verbose parsed url   port: null,
13 verbose parsed url   hostname: null,
13 verbose parsed url   hash: null,
13 verbose parsed url   search: null,
13 verbose parsed url   query: null,
13 verbose parsed url   pathname: 'generator-angular',
13 verbose parsed url   path: 'generator-angular',
13 verbose parsed url   href: 'generator-angular' }
14 silly lockFile c41975d1-yo yo
15 verbose lock yo /home/llaine/.npm/c41975d1-yo.lock
16 silly lockFile 72787608-generator-karma generator-karma
17 verbose lock generator-karma /home/llaine/.npm/72787608-generator-karma.lock
18 silly lockFile 458e0b50-generator-angular generator-angular
19 verbose lock generator-angular /home/llaine/.npm/458e0b50-generator-angular.lock
20 silly lockFile c41975d1-yo yo
21 silly lockFile c41975d1-yo yo
22 silly lockFile 72787608-generator-karma generator-karma
23 silly lockFile 72787608-generator-karma generator-karma
24 silly lockFile 458e0b50-generator-angular generator-angular
25 silly lockFile 458e0b50-generator-angular generator-angular
26 verbose addNamed [ 'yo', '' ]
27 verbose addNamed [ null, '*' ]
28 silly lockFile d937c28e-yo yo@
29 verbose lock yo@ /home/llaine/.npm/d937c28e-yo.lock
30 verbose addNamed [ 'generator-karma', '' ]
31 verbose addNamed [ null, '*' ]
32 silly lockFile 4afaad21-generator-karma generator-karma@
33 verbose lock generator-karma@ /home/llaine/.npm/4afaad21-generator-karma.lock
34 verbose addNamed [ 'generator-angular', '' ]
35 verbose addNamed [ null, '*' ]
36 silly lockFile 0345f598-generator-angular generator-angular@
37 verbose lock generator-angular@ /home/llaine/.npm/0345f598-generator-angular.lock
38 silly addNameRange { name: 'yo', range: '*', hasData: false }
39 silly addNameRange { name: 'generator-karma', range: '*', hasData: false }
40 verbose request where is /yo
41 verbose request registry https://registry.npmjs.org/
42 verbose request id a961479c328eda11
43 verbose url raw /yo
44 verbose url resolving [ 'https://registry.npmjs.org/', './yo' ]
45 verbose url resolved https://registry.npmjs.org/yo
46 verbose request where is https://registry.npmjs.org/yo
47 info trying registry request attempt 1 at 12:39:17
48 http GET https://registry.npmjs.org/yo
49 silly addNameRange { name: 'generator-angular', range: '*', hasData: false }
50 verbose request where is /generator-karma
51 verbose request registry https://registry.npmjs.org/
52 verbose url raw /generator-karma
53 verbose url resolving [ 'https://registry.npmjs.org/', './generator-karma' ]
54 verbose url resolved https://registry.npmjs.org/generator-karma
55 verbose request where is https://registry.npmjs.org/generator-karma
56 info trying registry request attempt 1 at 12:39:17
57 http GET https://registry.npmjs.org/generator-karma
58 verbose request where is /generator-angular
59 verbose request registry https://registry.npmjs.org/
60 verbose url raw /generator-angular
61 verbose url resolving [ 'https://registry.npmjs.org/', './generator-angular' ]
62 verbose url resolved https://registry.npmjs.org/generator-angular
63 verbose request where is https://registry.npmjs.org/generator-angular
64 info trying registry request attempt 1 at 12:39:17
65 http GET https://registry.npmjs.org/generator-angular
66 http 200 https://registry.npmjs.org/yo
67 silly registry.get cb [ 200,
67 silly registry.get   { server: 'CouchDB/1.5.0 (Erlang OTP/R16B03)',
67 silly registry.get     etag: '"2MNLSIQ23H4EEIML4W2N23HN1"',
67 silly registry.get     'content-type': 'application/json',
67 silly registry.get     'cache-control': 'max-age=60',
67 silly registry.get     'content-length': '34073',
67 silly registry.get     'accept-ranges': 'bytes',
67 silly registry.get     date: 'Tue, 01 Sep 2015 10:39:17 GMT',
67 silly registry.get     via: '1.1 varnish',
67 silly registry.get     age: '34',
67 silly registry.get     connection: 'keep-alive',
67 silly registry.get     'x-served-by': 'cache-fra1220-FRA',
67 silly registry.get     'x-cache': 'HIT',
67 silly registry.get     'x-cache-hits': '1',
67 silly registry.get     'x-timer': 'S1441103957.870484,VS0,VE0',
67 silly registry.get     vary: 'Accept' } ]
68 http 200 https://registry.npmjs.org/generator-karma
69 silly registry.get cb [ 200,
69 silly registry.get   { server: 'CouchDB/1.5.0 (Erlang OTP/R16B03)',
69 silly registry.get     etag: '"4TDVMVT4FIJMKP3M0J7TJJZX0"',
69 silly registry.get     'content-type': 'application/json',
69 silly registry.get     'cache-control': 'max-age=60',
69 silly registry.get     'content-length': '24020',
69 silly registry.get     'accept-ranges': 'bytes',
69 silly registry.get     date: 'Tue, 01 Sep 2015 10:39:17 GMT',
69 silly registry.get     via: '1.1 varnish',
69 silly registry.get     age: '3',
69 silly registry.get     connection: 'keep-alive',
69 silly registry.get     'x-served-by': 'cache-fra1232-FRA',
69 silly registry.get     'x-cache': 'HIT',
69 silly registry.get     'x-cache-hits': '1',
69 silly registry.get     'x-timer': 'S1441103957.888003,VS0,VE0',
69 silly registry.get     vary: 'Accept' } ]
70 silly addNameRange number 2 { name: 'yo', range: '*', hasData: true }
71 silly addNameRange versions [ 'yo',
71 silly addNameRange   [ '1.1.0',
71 silly addNameRange     '1.1.1',
71 silly addNameRange     '1.1.2',
71 silly addNameRange     '1.2.0',
71 silly addNameRange     '1.2.1',
71 silly addNameRange     '1.3.0',
71 silly addNameRange     '1.3.2',
71 silly addNameRange     '1.3.3',
71 silly addNameRange     '1.4.6',
71 silly addNameRange     '1.4.7' ] ]
72 verbose addNamed [ 'yo', '1.4.7' ]
73 verbose addNamed [ '1.4.7', '1.4.7' ]
74 silly lockFile 22bae6b4-yo-1-4-7 yo@1.4.7
75 verbose lock yo@1.4.7 /home/llaine/.npm/22bae6b4-yo-1-4-7.lock
76 silly addNameRange number 2 { name: 'generator-karma', range: '*', hasData: true }
77 silly addNameRange versions [ 'generator-karma',
77 silly addNameRange   [ '0.1.1',
77 silly addNameRange     '0.2.0',
77 silly addNameRange     '0.3.0',
77 silly addNameRange     '0.3.1',
77 silly addNameRange     '0.4.1',
77 silly addNameRange     '0.5.0',
77 silly addNameRange     '0.6.0',
77 silly addNameRange     '0.7.0',
77 silly addNameRange     '0.8.0',
77 silly addNameRange     '0.8.1',
77 silly addNameRange     '0.8.2',
77 silly addNameRange     '0.8.3',
77 silly addNameRange     '0.9.0',
77 silly addNameRange     '1.0.0' ] ]
78 verbose addNamed [ 'generator-karma', '1.0.0' ]
79 verbose addNamed [ '1.0.0', '1.0.0' ]
80 silly lockFile 65f3e2f4-generator-karma-1-0-0 generator-karma@1.0.0
81 verbose lock generator-karma@1.0.0 /home/llaine/.npm/65f3e2f4-generator-karma-1-0-0.lock
82 silly lockFile ef4e4e38-gistry-npmjs-org-yo-yo-1-4-7-tgz https://registry.npmjs.org/yo/-/yo-1.4.7.tgz
83 verbose lock https://registry.npmjs.org/yo/-/yo-1.4.7.tgz /home/llaine/.npm/ef4e4e38-gistry-npmjs-org-yo-yo-1-4-7-tgz.lock
84 silly lockFile 36af2388--karma-generator-karma-1-0-0-tgz https://registry.npmjs.org/generator-karma/-/generator-karma-1.0.0.tgz
85 verbose lock https://registry.npmjs.org/generator-karma/-/generator-karma-1.0.0.tgz /home/llaine/.npm/36af2388--karma-generator-karma-1-0-0-tgz.lock
86 verbose addRemoteTarball [ 'https://registry.npmjs.org/yo/-/yo-1.4.7.tgz',
86 verbose addRemoteTarball   '7eecb354f6f4df2dafbc2da53d30f7f7fafcb450' ]
87 verbose addRemoteTarball [ 'https://registry.npmjs.org/generator-karma/-/generator-karma-1.0.0.tgz',
87 verbose addRemoteTarball   '43f909c1677c66598d0acb126694a12d3175f8ad' ]
88 info retry fetch attempt 1 at 12:39:18
89 verbose fetch to= /tmp/npm-22014-x0TrT7ip/registry.npmjs.org/yo/-/yo-1.4.7.tgz
90 http GET https://registry.npmjs.org/yo/-/yo-1.4.7.tgz
91 info retry fetch attempt 1 at 12:39:18
92 verbose fetch to= /tmp/npm-22014-x0TrT7ip/registry.npmjs.org/generator-karma/-/generator-karma-1.0.0.tgz
93 http GET https://registry.npmjs.org/generator-karma/-/generator-karma-1.0.0.tgz
94 http 200 https://registry.npmjs.org/generator-karma/-/generator-karma-1.0.0.tgz
95 http 200 https://registry.npmjs.org/yo/-/yo-1.4.7.tgz
96 silly lockFile 36af2388--karma-generator-karma-1-0-0-tgz https://registry.npmjs.org/generator-karma/-/generator-karma-1.0.0.tgz
97 silly lockFile 36af2388--karma-generator-karma-1-0-0-tgz https://registry.npmjs.org/generator-karma/-/generator-karma-1.0.0.tgz
98 silly lockFile 65f3e2f4-generator-karma-1-0-0 generator-karma@1.0.0
99 silly lockFile 65f3e2f4-generator-karma-1-0-0 generator-karma@1.0.0
100 silly lockFile 4afaad21-generator-karma generator-karma@
101 silly lockFile 4afaad21-generator-karma generator-karma@
102 silly lockFile ef4e4e38-gistry-npmjs-org-yo-yo-1-4-7-tgz https://registry.npmjs.org/yo/-/yo-1.4.7.tgz
103 silly lockFile ef4e4e38-gistry-npmjs-org-yo-yo-1-4-7-tgz https://registry.npmjs.org/yo/-/yo-1.4.7.tgz
104 silly lockFile 22bae6b4-yo-1-4-7 yo@1.4.7
105 silly lockFile 22bae6b4-yo-1-4-7 yo@1.4.7
106 silly lockFile d937c28e-yo yo@
107 silly lockFile d937c28e-yo yo@
108 http 200 https://registry.npmjs.org/generator-angular
109 silly registry.get cb [ 200,
109 silly registry.get   { server: 'CouchDB/1.5.0 (Erlang OTP/R16B03)',
109 silly registry.get     etag: '"4QMU72STHAYSK3MIV2KE6DCD"',
109 silly registry.get     'content-type': 'application/json',
109 silly registry.get     'cache-control': 'max-age=60',
109 silly registry.get     'content-length': '69704',
109 silly registry.get     'accept-ranges': 'bytes',
109 silly registry.get     date: 'Tue, 01 Sep 2015 10:39:22 GMT',
109 silly registry.get     via: '1.1 varnish',
109 silly registry.get     age: '8',
109 silly registry.get     connection: 'keep-alive',
109 silly registry.get     'x-served-by': 'cache-fra1239-FRA',
109 silly registry.get     'x-cache': 'HIT',
109 silly registry.get     'x-cache-hits': '1',
109 silly registry.get     'x-timer': 'S1441103962.814805,VS0,VE0',
109 silly registry.get     vary: 'Accept' } ]
110 silly addNameRange number 2 { name: 'generator-angular', range: '*', hasData: true }
111 silly addNameRange versions [ 'generator-angular',
111 silly addNameRange   [ '0.1.0',
111 silly addNameRange     '0.1.1',
111 silly addNameRange     '0.1.2',
111 silly addNameRange     '0.1.3',
111 silly addNameRange     '0.1.4',
111 silly addNameRange     '0.1.5',
111 silly addNameRange     '0.2.0',
111 silly addNameRange     '0.2.1',
111 silly addNameRange     '0.2.2',
111 silly addNameRange     '0.3.0',
111 silly addNameRange     '0.3.1',
111 silly addNameRange     '0.4.0',
111 silly addNameRange     '0.5.0',
111 silly addNameRange     '0.5.1',
111 silly addNameRange     '0.6.0-rc.1',
111 silly addNameRange     '0.6.0-rc.2',
111 silly addNameRange     '0.6.0',
111 silly addNameRange     '0.7.0',
111 silly addNameRange     '0.7.1',
111 silly addNameRange     '0.8.0',
111 silly addNameRange     '0.9.0-0',
111 silly addNameRange     '0.9.0-1',
111 silly addNameRange     '0.9.0',
111 silly addNameRange     '0.9.1',
111 silly addNameRange     '0.9.2',
111 silly addNameRange     '0.9.3',
111 silly addNameRange     '0.9.5',
111 silly addNameRange     '0.9.6',
111 silly addNameRange     '0.9.7',
111 silly addNameRange     '0.9.8',
111 silly addNameRange     '0.10.0',
111 silly addNameRange     '0.11.0',
111 silly addNameRange     '0.11.1',
111 silly addNameRange     '0.12.0',
111 silly addNameRange     '0.11.2',
111 silly addNameRange     '0.12.1' ] ]
112 verbose addNamed [ 'generator-angular', '0.12.1' ]
113 verbose addNamed [ '0.12.1', '0.12.1' ]
114 silly lockFile 5b703b95-generator-angular-0-12-1 generator-angular@0.12.1
115 verbose lock generator-angular@0.12.1 /home/llaine/.npm/5b703b95-generator-angular-0-12-1.lock
116 silly lockFile 0e1ddf2e-lar-generator-angular-0-12-1-tgz https://registry.npmjs.org/generator-angular/-/generator-angular-0.12.1.tgz
117 verbose lock https://registry.npmjs.org/generator-angular/-/generator-angular-0.12.1.tgz /home/llaine/.npm/0e1ddf2e-lar-generator-angular-0-12-1-tgz.lock
118 verbose addRemoteTarball [ 'https://registry.npmjs.org/generator-angular/-/generator-angular-0.12.1.tgz',
118 verbose addRemoteTarball   '3a8775464cfbac132c563b5229306dfbb7b777aa' ]
119 info retry fetch attempt 1 at 12:39:22
120 verbose fetch to= /tmp/npm-22014-x0TrT7ip/registry.npmjs.org/generator-angular/-/generator-angular-0.12.1.tgz
121 http GET https://registry.npmjs.org/generator-angular/-/generator-angular-0.12.1.tgz
122 http 200 https://registry.npmjs.org/generator-angular/-/generator-angular-0.12.1.tgz
123 silly lockFile 0e1ddf2e-lar-generator-angular-0-12-1-tgz https://registry.npmjs.org/generator-angular/-/generator-angular-0.12.1.tgz
124 silly lockFile 0e1ddf2e-lar-generator-angular-0-12-1-tgz https://registry.npmjs.org/generator-angular/-/generator-angular-0.12.1.tgz
125 silly lockFile 5b703b95-generator-angular-0-12-1 generator-angular@0.12.1
126 silly lockFile 5b703b95-generator-angular-0-12-1 generator-angular@0.12.1
127 silly lockFile 0345f598-generator-angular generator-angular@
128 silly lockFile 0345f598-generator-angular generator-angular@
129 silly resolved [ { name: 'generator-karma',
129 silly resolved     version: '1.0.0',
129 silly resolved     description: 'Yeoman generator for Karma',
129 silly resolved     license: 'BSD',
129 silly resolved     main: 'app/index.js',
129 silly resolved     repository:
129 silly resolved      { type: 'git',
129 silly resolved        url: 'https://github.com/yeoman/generator-karma' },
129 silly resolved     author: { name: 'The Yeoman Team' },
129 silly resolved     engines: { node: '>=0.10.0', npm: '>=1.2.10' },
129 silly resolved     scripts: { test: 'mocha --reporter spec' },
129 silly resolved     files: [ 'app', 'templates' ],
129 silly resolved     keywords: [ 'yeoman-generator', 'scaffold', 'test', 'runner', 'karma' ],
129 silly resolved     dependencies:
129 silly resolved      { underscore: '^1.6.0',
129 silly resolved        'yeoman-generator': '^0.19.1',
129 silly resolved        'sorted-object': '~1.0.0' },
129 silly resolved     devDependencies: { mocha: '*' },
129 silly resolved     peerDependencies: { yo: '>=1.0.0' },
129 silly resolved     gitHead: 'cdc0a4a7c0ee3128e0ae5482faabf7cf2c22e4f0',
129 silly resolved     bugs: { url: 'https://github.com/yeoman/generator-karma/issues' },
129 silly resolved     homepage: 'https://github.com/yeoman/generator-karma',
129 silly resolved     _id: 'generator-karma@1.0.0',
129 silly resolved     _shasum: '43f909c1677c66598d0acb126694a12d3175f8ad',
129 silly resolved     _from: 'generator-karma@',
129 silly resolved     _npmVersion: '2.5.1',
129 silly resolved     _nodeVersion: '0.10.32',
129 silly resolved     _npmUser: { name: 'sboudrias', email: 'admin@simonboudrias.com' },
129 silly resolved     maintainers:
129 silly resolved      [ [Object],
129 silly resolved        [Object],
129 silly resolved        [Object],
129 silly resolved        [Object],
129 silly resolved        [Object],
129 silly resolved        [Object],
129 silly resolved        [Object] ],
129 silly resolved     dist:
129 silly resolved      { shasum: '43f909c1677c66598d0acb126694a12d3175f8ad',
129 silly resolved        tarball: 'http://registry.npmjs.org/generator-karma/-/generator-karma-1.0.0.tgz' },
129 silly resolved     directories: {},
129 silly resolved     _resolved: 'https://registry.npmjs.org/generator-karma/-/generator-karma-1.0.0.tgz' },
129 silly resolved   { name: 'yo',
129 silly resolved     version: '1.4.7',
129 silly resolved     description: 'CLI tool for running Yeoman generators',
129 silly resolved     license: 'BSD-2-Clause',
129 silly resolved     bin: { yo: 'lib/cli.js' },
129 silly resolved     author: { name: 'Yeoman' },
129 silly resolved     repository: { type: 'git', url: 'https://github.com/yeoman/yo' },
129 silly resolved     engines: { node: '>=0.10.0', npm: '>=2.8.0' },
129 silly resolved     scripts:
129 silly resolved      { test: 'jshint . && mocha test/**/*.js',
129 silly resolved        postinstall: 'yodoctor',
129 silly resolved        postupdate: 'yodoctor',
129 silly resolved        prepublish: 'nsp audit-package' },
129 silly resolved     files: [ 'lib' ],
129 silly resolved     keywords:
129 silly resolved      [ 'cli-app',
129 silly resolved        'cli',
129 silly resolved        'bin',
129 silly resolved        'front-end',
129 silly resolved        'development',
129 silly resolved        'dev',
129 silly resolved        'build',
129 silly resolved        'web',
129 silly resolved        'tool',
129 silly resolved        'scaffold',
129 silly resolved        'stack',
129 silly resolved        'yeoman',
129 silly resolved        'generator',
129 silly resolved        'generate',
129 silly resolved        'app',
129 silly resolved        'boilerplate' ],
129 silly resolved     dependencies:
129 silly resolved      { 'array-uniq': '^1.0.2',
129 silly resolved        async: '^1.0.0',
129 silly resolved        chalk: '^1.0.0',
129 silly resolved        configstore: '^1.0.0',
129 silly resolved        'cross-spawn': '^0.4.0',
129 silly resolved        figures: '^1.3.5',
129 silly resolved        findup: '^0.1.5',
129 silly resolved        fullname: '^1.0.0',
129 silly resolved        got: '^3.2.0',
129 silly resolved        'humanize-string': '^1.0.0',
129 silly resolved        inquirer: '^0.8.0',
129 silly resolved        insight: '^0.6.0',
129 silly resolved        lodash: '^3.2.0',
129 silly resolved        meow: '^3.0.0',
129 silly resolved        'npm-keyword': '^1.1.1',
129 silly resolved        opn: '^1.0.0',
129 silly resolved        'package-json': '^1.1.0',
129 silly resolved        repeating: '^1.1.2',
129 silly resolved        'root-check': '^1.0.0',
129 silly resolved        'sort-on': '^1.0.0',
129 silly resolved        'string-length': '^1.0.0',
129 silly resolved        titleize: '^1.0.0',
129 silly resolved        'update-notifier': '^0.5.0',
129 silly resolved        'user-home': '^1.1.0',
129 silly resolved        'yeoman-character': '^1.0.0',
129 silly resolved        'yeoman-doctor': '^1.0.0',
129 silly resolved        'yeoman-environment': '^1.0.1',
129 silly resolved        yosay: '^1.0.0' },
129 silly resolved     devDependencies:
129 silly resolved      { jshint: '^2.5.11',
129 silly resolved        mocha: '^2.1.0',
129 silly resolved        mockery: '^1.4.0',
129 silly resolved        nock: '^2.0.1',
129 silly resolved        nsp: '*',
129 silly resolved        proxyquire: '^1.0.1',
129 silly resolved        'registry-url': '^3.0.0',
129 silly resolved        sinon: '^1.12.1' },
129 silly resolved     preferGlobal: true,
129 silly resolved     gitHead: '675d647162f1ecd7f290995078cf8ab42756bf9d',
129 silly resolved     bugs: { url: 'https://github.com/yeoman/yo/issues' },
129 silly resolved     homepage: 'https://github.com/yeoman/yo',
129 silly resolved     _id: 'yo@1.4.7',
129 silly resolved     _shasum: '7eecb354f6f4df2dafbc2da53d30f7f7fafcb450',
129 silly resolved     _from: 'yo@',
129 silly resolved     _npmVersion: '2.10.1',
129 silly resolved     _nodeVersion: '0.12.4',
129 silly resolved     _npmUser: { name: 'sindresorhus', email: 'sindresorhus@gmail.com' },
129 silly resolved     dist:
129 silly resolved      { shasum: '7eecb354f6f4df2dafbc2da53d30f7f7fafcb450',
129 silly resolved        tarball: 'http://registry.npmjs.org/yo/-/yo-1.4.7.tgz' },
129 silly resolved     maintainers: [ [Object], [Object], [Object], [Object], [Object], [Object] ],
129 silly resolved     directories: {},
129 silly resolved     _resolved: 'https://registry.npmjs.org/yo/-/yo-1.4.7.tgz' },
129 silly resolved   { name: 'generator-angular',
129 silly resolved     version: '0.12.1',
129 silly resolved     description: 'Yeoman generator for AngularJS',
129 silly resolved     keywords:
129 silly resolved      [ 'yeoman-generator',
129 silly resolved        'scaffold',
129 silly resolved        'framework',
129 silly resolved        'component',
129 silly resolved        'front-end',
129 silly resolved        'app',
129 silly resolved        'angular' ],
129 silly resolved     author: { name: 'The Yeoman Team' },
129 silly resolved     main: 'app/index.js',
129 silly resolved     files:
129 silly resolved      [ 'app',
129 silly resolved        'common',
129 silly resolved        'constant',
129 silly resolved        'controller',
129 silly resolved        'decorator',
129 silly resolved        'directive',
129 silly resolved        'factory',
129 silly resolved        'filter',
129 silly resolved        'main',
129 silly resolved        'provider',
129 silly resolved        'route',
129 silly resolved        'service',
129 silly resolved        'templates',
129 silly resolved        'value',
129 silly resolved        'view',
129 silly resolved        'script-base.js',
129 silly resolved        'util.js' ],
129 silly resolved     repository:
129 silly resolved      { type: 'git',
129 silly resolved        url: 'git+https://github.com/yeoman/generator-angular.git' },
129 silly resolved     scripts: { test: 'mocha' },
129 silly resolved     dependencies:
129 silly resolved      { chalk: '^1.0.0',
129 silly resolved        wiredep: '^2.2.0',
129 silly resolved        'yeoman-generator': '^0.16.0',
129 silly resolved        yosay: '^1.0.2' },
129 silly resolved     peerDependencies: { 'generator-karma': '>=0.9.0' },
129 silly resolved     devDependencies:
129 silly resolved      { grunt: '^0.4.5',
129 silly resolved        'grunt-contrib-jshint': '^0.11.0',
129 silly resolved        'grunt-conventional-changelog': '^1.1.0',
129 silly resolved        'grunt-release': '^0.11.0',
129 silly resolved        'load-grunt-tasks': '^3.1.0',
129 silly resolved        mocha: '*',
129 silly resolved        semver: '^4.3.0',
129 silly resolved        'underscore.string': '^3.0.3' },
129 silly resolved     engines: { node: '>=0.10.0' },
129 silly resolved     licenses: [ [Object] ],
129 silly resolved     gitHead: 'd1ffc21e8bd2978a8a198205293b97e4a1faec25',
129 silly resolved     bugs: { url: 'https://github.com/yeoman/generator-angular/issues' },
129 silly resolved     homepage: 'https://github.com/yeoman/generator-angular#readme',
129 silly resolved     _id: 'generator-angular@0.12.1',
129 silly resolved     _shasum: '3a8775464cfbac132c563b5229306dfbb7b777aa',
129 silly resolved     _from: 'generator-angular@',
129 silly resolved     _npmVersion: '2.11.2',
129 silly resolved     _nodeVersion: '0.12.5',
129 silly resolved     _npmUser: { name: 'eddiemonge', email: 'eddie+npm@eddiemonge.com' },
129 silly resolved     maintainers:
129 silly resolved      [ [Object],
129 silly resolved        [Object],
129 silly resolved        [Object],
129 silly resolved        [Object],
129 silly resolved        [Object],
129 silly resolved        [Object],
129 silly resolved        [Object] ],
129 silly resolved     dist:
129 silly resolved      { shasum: '3a8775464cfbac132c563b5229306dfbb7b777aa',
129 silly resolved        tarball: 'http://registry.npmjs.org/generator-angular/-/generator-angular-0.12.1.tgz' },
129 silly resolved     directories: {},
129 silly resolved     _resolved: 'https://registry.npmjs.org/generator-angular/-/generator-angular-0.12.1.tgz' } ]
130 info install generator-karma@1.0.0 into /usr/lib
131 info install yo@1.4.7 into /usr/lib
132 info install generator-angular@0.12.1 into /usr/lib
133 info installOne generator-karma@1.0.0
134 info installOne yo@1.4.7
135 warn engine yo@1.4.7: wanted: {"node":">=0.10.0","npm":">=2.8.0"} (current: {"node":"0.10.37","npm":"1.4.28"})
136 info installOne generator-angular@0.12.1
137 verbose lib/node_modules/generator-karma unbuild
138 verbose lib/node_modules/yo unbuild
139 verbose lib/node_modules/generator-angular unbuild
140 verbose tar unpack /home/llaine/.npm/generator-karma/1.0.0/package.tgz
141 silly lockFile b928b93d-lib-node-modules-generator-karma tar:///usr/lib/node_modules/generator-karma
142 verbose lock tar:///usr/lib/node_modules/generator-karma /home/llaine/.npm/b928b93d-lib-node-modules-generator-karma.lock
143 silly lockFile a227ac68-enerator-karma-1-0-0-package-tgz tar:///home/llaine/.npm/generator-karma/1.0.0/package.tgz
144 verbose lock tar:///home/llaine/.npm/generator-karma/1.0.0/package.tgz /home/llaine/.npm/a227ac68-enerator-karma-1-0-0-package-tgz.lock
145 verbose tar unpack /home/llaine/.npm/yo/1.4.7/package.tgz
146 silly lockFile 7bedd6dc-tar-usr-lib-node-modules-yo tar:///usr/lib/node_modules/yo
147 verbose lock tar:///usr/lib/node_modules/yo /home/llaine/.npm/7bedd6dc-tar-usr-lib-node-modules-yo.lock
148 silly lockFile ea85acca--llaine-npm-yo-1-4-7-package-tgz tar:///home/llaine/.npm/yo/1.4.7/package.tgz
149 verbose lock tar:///home/llaine/.npm/yo/1.4.7/package.tgz /home/llaine/.npm/ea85acca--llaine-npm-yo-1-4-7-package-tgz.lock
150 verbose tar unpack /home/llaine/.npm/generator-angular/0.12.1/package.tgz
151 silly lockFile 9c6101a0-b-node-modules-generator-angular tar:///usr/lib/node_modules/generator-angular
152 verbose lock tar:///usr/lib/node_modules/generator-angular /home/llaine/.npm/9c6101a0-b-node-modules-generator-angular.lock
153 silly lockFile af37e59d-rator-angular-0-12-1-package-tgz tar:///home/llaine/.npm/generator-angular/0.12.1/package.tgz
154 verbose lock tar:///home/llaine/.npm/generator-angular/0.12.1/package.tgz /home/llaine/.npm/af37e59d-rator-angular-0-12-1-package-tgz.lock
155 silly gunzTarPerm modes [ '775', '664' ]
156 silly gunzTarPerm modes [ '775', '664' ]
157 silly gunzTarPerm modes [ '775', '664' ]
158 error Error: EACCES, mkdir '/usr/lib/node_modules/generator-karma'
158 error  { [Error: EACCES, mkdir '/usr/lib/node_modules/generator-karma']
158 error   errno: 3,
158 error   code: 'EACCES',
158 error   path: '/usr/lib/node_modules/generator-karma',
158 error   fstream_type: 'Directory',
158 error   fstream_path: '/usr/lib/node_modules/generator-karma',
158 error   fstream_class: 'DirWriter',
158 error   fstream_stack:
158 error    [ '/usr/lib/node_modules/npm/node_modules/fstream/lib/dir-writer.js:36:23',
158 error      '/usr/lib/node_modules/npm/node_modules/mkdirp/index.js:46:53',
158 error      'Object.oncomplete (fs.js:108:15)' ] }
159 error Please try running this command again as root/Administrator.
160 error System Linux 3.16.0-46-generic
161 error command "/usr/bin/node" "/usr/bin/npm" "install" "-g" "yo" "generator-karma" "generator-angular"
162 error cwd /home/llaine/Workspace/poc-newsletter
163 error node -v v0.10.37
164 error npm -v 1.4.28
165 error path /usr/lib/node_modules/generator-karma
166 error fstream_path /usr/lib/node_modules/generator-karma
167 error fstream_type Directory
168 error fstream_class DirWriter
169 error code EACCES
170 error errno 3
171 error stack Error: EACCES, mkdir '/usr/lib/node_modules/generator-karma'
172 error fstream_stack /usr/lib/node_modules/npm/node_modules/fstream/lib/dir-writer.js:36:23
172 error fstream_stack /usr/lib/node_modules/npm/node_modules/mkdirp/index.js:46:53
172 error fstream_stack Object.oncomplete (fs.js:108:15)
173 verbose exit [ 3, true ]
